<?xml version="1.0" encoding="UTF-8"?>
<!-- Generated by org.testng.reporters.JUnitReportReporter -->
<testsuite hostname="SPICITYL555" name="com.Testcases.TestPage" tests="2" failures="0" timestamp="19 Feb 2018 07:11:15 GMT" time="59.171" errors="0">
  <testcase name="Login" time="33.792" classname="com.Testcases.TestPage"/>
  <testcase name="Test2" time="25.379" classname="com.Testcases.TestPage"/>
</testsuite> <!-- com.Testcases.TestPage -->
