<?xml version="1.0" encoding="UTF-8"?>
<!-- Generated by org.testng.reporters.JUnitReportReporter -->
<testsuite skipped="0" hostname="DEVAVRAT" name="com.reports.Executor" tests="2" failures="0" timestamp="12 Feb 2018 17:54:33 GMT" time="0.738" errors="0">
  <testcase name="testTwo" time="0.092" classname="com.reports.Executor"/>
  <testcase name="testOne" time="0.646" classname="com.reports.Executor"/>
</testsuite> <!-- com.reports.Executor -->
